\BOOKMARK [0][-]{chapter.1}{\376\377\0001\000\040\000C\000l\000a\000s\000s\000\040\000I\000n\000d\000e\000x}{}% 1
\BOOKMARK [1][-]{section.1.1}{\376\377\0001\000.\0001\000\040\000C\000l\000a\000s\000s\000\040\000L\000i\000s\000t}{chapter.1}% 2
\BOOKMARK [0][-]{chapter.2}{\376\377\0002\000\040\000F\000i\000l\000e\000\040\000I\000n\000d\000e\000x}{}% 3
\BOOKMARK [1][-]{section.2.1}{\376\377\0002\000.\0001\000\040\000F\000i\000l\000e\000\040\000L\000i\000s\000t}{chapter.2}% 4
\BOOKMARK [0][-]{chapter.3}{\376\377\0003\000\040\000C\000l\000a\000s\000s\000\040\000D\000o\000c\000u\000m\000e\000n\000t\000a\000t\000i\000o\000n}{}% 5
\BOOKMARK [1][-]{section.3.1}{\376\377\0003\000.\0001\000\040\000h\000a\000s\000h\000m\000a\000p\000\137\000e\000l\000e\000m\000e\000n\000t\000\137\000s\000\040\000S\000t\000r\000u\000c\000t\000\040\000R\000e\000f\000e\000r\000e\000n\000c\000e}{chapter.3}% 6
\BOOKMARK [2][-]{subsection.3.1.1}{\376\377\0003\000.\0001\000.\0001\000\040\000M\000e\000m\000b\000e\000r\000\040\000D\000a\000t\000a\000\040\000D\000o\000c\000u\000m\000e\000n\000t\000a\000t\000i\000o\000n}{section.3.1}% 7
\BOOKMARK [3][-]{subsubsection.3.1.1.1}{\376\377\0003\000.\0001\000.\0001\000.\0001\000\040\000d\000a\000t\000a}{subsection.3.1.1}% 8
\BOOKMARK [3][-]{subsubsection.3.1.1.2}{\376\377\0003\000.\0001\000.\0001\000.\0002\000\040\000k\000e\000y}{subsection.3.1.1}% 9
\BOOKMARK [1][-]{section.3.2}{\376\377\0003\000.\0002\000\040\000h\000a\000s\000h\000m\000a\000p\000\137\000s\000\040\000S\000t\000r\000u\000c\000t\000\040\000R\000e\000f\000e\000r\000e\000n\000c\000e}{chapter.3}% 10
\BOOKMARK [2][-]{subsection.3.2.1}{\376\377\0003\000.\0002\000.\0001\000\040\000M\000e\000m\000b\000e\000r\000\040\000D\000a\000t\000a\000\040\000D\000o\000c\000u\000m\000e\000n\000t\000a\000t\000i\000o\000n}{section.3.2}% 11
\BOOKMARK [3][-]{subsubsection.3.2.1.1}{\376\377\0003\000.\0002\000.\0001\000.\0001\000\040\000l\000k}{subsection.3.2.1}% 12
\BOOKMARK [3][-]{subsubsection.3.2.1.2}{\376\377\0003\000.\0002\000.\0001\000.\0002\000\040\000t\000a\000b\000l\000e}{subsection.3.2.1}% 13
\BOOKMARK [1][-]{section.3.3}{\376\377\0003\000.\0003\000\040\000l\000i\000s\000t\000\040\000S\000t\000r\000u\000c\000t\000\040\000R\000e\000f\000e\000r\000e\000n\000c\000e}{chapter.3}% 14
\BOOKMARK [2][-]{subsection.3.3.1}{\376\377\0003\000.\0003\000.\0001\000\040\000M\000e\000m\000b\000e\000r\000\040\000D\000a\000t\000a\000\040\000D\000o\000c\000u\000m\000e\000n\000t\000a\000t\000i\000o\000n}{section.3.3}% 15
\BOOKMARK [3][-]{subsubsection.3.3.1.1}{\376\377\0003\000.\0003\000.\0001\000.\0001\000\040\000h\000e\000a\000d}{subsection.3.3.1}% 16
\BOOKMARK [3][-]{subsubsection.3.3.1.2}{\376\377\0003\000.\0003\000.\0001\000.\0002\000\040\000t\000a\000i\000l}{subsection.3.3.1}% 17
\BOOKMARK [1][-]{section.3.4}{\376\377\0003\000.\0004\000\040\000l\000i\000s\000t\000e\000n\000t\000r\000y\000\040\000S\000t\000r\000u\000c\000t\000\040\000R\000e\000f\000e\000r\000e\000n\000c\000e}{chapter.3}% 18
\BOOKMARK [2][-]{subsection.3.4.1}{\376\377\0003\000.\0004\000.\0001\000\040\000M\000e\000m\000b\000e\000r\000\040\000D\000a\000t\000a\000\040\000D\000o\000c\000u\000m\000e\000n\000t\000a\000t\000i\000o\000n}{section.3.4}% 19
\BOOKMARK [3][-]{subsubsection.3.4.1.1}{\376\377\0003\000.\0004\000.\0001\000.\0001\000\040\000d\000a\000t\000a}{subsection.3.4.1}% 20
\BOOKMARK [3][-]{subsubsection.3.4.1.2}{\376\377\0003\000.\0004\000.\0001\000.\0002\000\040\000n\000e\000x\000t}{subsection.3.4.1}% 21
\BOOKMARK [3][-]{subsubsection.3.4.1.3}{\376\377\0003\000.\0004\000.\0001\000.\0003\000\040\000p\000r\000e\000v}{subsection.3.4.1}% 22
\BOOKMARK [1][-]{section.3.5}{\376\377\0003\000.\0005\000\040\000l\000o\000c\000k\000\040\000S\000t\000r\000u\000c\000t\000\040\000R\000e\000f\000e\000r\000e\000n\000c\000e}{chapter.3}% 23
\BOOKMARK [2][-]{subsection.3.5.1}{\376\377\0003\000.\0005\000.\0001\000\040\000M\000e\000m\000b\000e\000r\000\040\000D\000a\000t\000a\000\040\000D\000o\000c\000u\000m\000e\000n\000t\000a\000t\000i\000o\000n}{section.3.5}% 24
\BOOKMARK [3][-]{subsubsection.3.5.1.1}{\376\377\0003\000.\0005\000.\0001\000.\0001\000\040\000c}{subsection.3.5.1}% 25
\BOOKMARK [0][-]{chapter.4}{\376\377\0004\000\040\000F\000i\000l\000e\000\040\000D\000o\000c\000u\000m\000e\000n\000t\000a\000t\000i\000o\000n}{}% 26
\BOOKMARK [1][-]{section.4.1}{\376\377\0004\000.\0001\000\040\000i\000n\000c\000l\000u\000d\000e\000/\000h\000m\000.\000h\000\040\000F\000i\000l\000e\000\040\000R\000e\000f\000e\000r\000e\000n\000c\000e}{chapter.4}% 27
\BOOKMARK [2][-]{subsection.4.1.1}{\376\377\0004\000.\0001\000.\0001\000\040\000M\000a\000c\000r\000o\000\040\000D\000e\000f\000i\000n\000i\000t\000i\000o\000n\000\040\000D\000o\000c\000u\000m\000e\000n\000t\000a\000t\000i\000o\000n}{section.4.1}% 28
\BOOKMARK [3][-]{subsubsection.4.1.1.1}{\376\377\0004\000.\0001\000.\0001\000.\0001\000\040\000S\000Z}{subsection.4.1.1}% 29
\BOOKMARK [2][-]{subsection.4.1.2}{\376\377\0004\000.\0001\000.\0002\000\040\000F\000u\000n\000c\000t\000i\000o\000n\000\040\000D\000o\000c\000u\000m\000e\000n\000t\000a\000t\000i\000o\000n}{section.4.1}% 30
\BOOKMARK [3][-]{subsubsection.4.1.2.1}{\376\377\0004\000.\0001\000.\0002\000.\0001\000\040\000a\000c\000q\000u\000i\000r\000e\000\137\000b\000u\000c\000k\000e\000t\000\050\000\051}{subsection.4.1.2}% 31
\BOOKMARK [3][-]{subsubsection.4.1.2.2}{\376\377\0004\000.\0001\000.\0002\000.\0002\000\040\000h\000a\000s\000h\000m\000a\000p\000\137\000c\000r\000e\000a\000t\000e\000\050\000\051}{subsection.4.1.2}% 32
\BOOKMARK [3][-]{subsubsection.4.1.2.3}{\376\377\0004\000.\0001\000.\0002\000.\0003\000\040\000h\000a\000s\000h\000m\000a\000p\000\137\000g\000e\000t\000\050\000\051}{subsection.4.1.2}% 33
\BOOKMARK [3][-]{subsubsection.4.1.2.4}{\376\377\0004\000.\0001\000.\0002\000.\0004\000\040\000h\000a\000s\000h\000m\000a\000p\000\137\000i\000t\000e\000r\000a\000t\000o\000r\000\050\000\051}{subsection.4.1.2}% 34
\BOOKMARK [3][-]{subsubsection.4.1.2.5}{\376\377\0004\000.\0001\000.\0002\000.\0005\000\040\000h\000a\000s\000h\000m\000a\000p\000\137\000p\000u\000t\000\050\000\051}{subsection.4.1.2}% 35
\BOOKMARK [3][-]{subsubsection.4.1.2.6}{\376\377\0004\000.\0001\000.\0002\000.\0006\000\040\000r\000e\000l\000e\000a\000s\000e\000\137\000b\000u\000c\000k\000e\000t\000\050\000\051}{subsection.4.1.2}% 36
\BOOKMARK [1][-]{section.4.2}{\376\377\0004\000.\0002\000\040\000i\000n\000c\000l\000u\000d\000e\000/\000l\000i\000s\000t\000.\000h\000\040\000F\000i\000l\000e\000\040\000R\000e\000f\000e\000r\000e\000n\000c\000e}{chapter.4}% 37
\BOOKMARK [2][-]{subsection.4.2.1}{\376\377\0004\000.\0002\000.\0001\000\040\000F\000u\000n\000c\000t\000i\000o\000n\000\040\000D\000o\000c\000u\000m\000e\000n\000t\000a\000t\000i\000o\000n}{section.4.2}% 38
\BOOKMARK [3][-]{subsubsection.4.2.1.1}{\376\377\0004\000.\0002\000.\0001\000.\0001\000\040\000i\000s\000\137\000e\000m\000p\000t\000y\000\050\000\051}{subsection.4.2.1}% 39
\BOOKMARK [3][-]{subsubsection.4.2.1.2}{\376\377\0004\000.\0002\000.\0001\000.\0002\000\040\000l\000i\000s\000t\000\137\000a\000d\000d\000\050\000\051}{subsection.4.2.1}% 40
\BOOKMARK [3][-]{subsubsection.4.2.1.3}{\376\377\0004\000.\0002\000.\0001\000.\0003\000\040\000l\000i\000s\000t\000\137\000n\000e\000w\000\050\000\051}{subsection.4.2.1}% 41
\BOOKMARK [3][-]{subsubsection.4.2.1.4}{\376\377\0004\000.\0002\000.\0001\000.\0004\000\040\000l\000i\000s\000t\000\137\000r\000m\000\050\000\051}{subsection.4.2.1}% 42
\BOOKMARK [1][-]{section.4.3}{\376\377\0004\000.\0003\000\040\000i\000n\000c\000l\000u\000d\000e\000/\000m\000y\000t\000h\000r\000e\000a\000d\000.\000h\000\040\000F\000i\000l\000e\000\040\000R\000e\000f\000e\000r\000e\000n\000c\000e}{chapter.4}% 43
\BOOKMARK [2][-]{subsection.4.3.1}{\376\377\0004\000.\0003\000.\0001\000\040\000F\000u\000n\000c\000t\000i\000o\000n\000\040\000D\000o\000c\000u\000m\000e\000n\000t\000a\000t\000i\000o\000n}{section.4.3}% 44
\BOOKMARK [3][-]{subsubsection.4.3.1.1}{\376\377\0004\000.\0003\000.\0001\000.\0001\000\040\000l\000o\000c\000k\000\137\000a\000c\000q\000u\000i\000r\000e\000\050\000\051}{subsection.4.3.1}% 45
\BOOKMARK [3][-]{subsubsection.4.3.1.2}{\376\377\0004\000.\0003\000.\0001\000.\0002\000\040\000l\000o\000c\000k\000\137\000n\000e\000w\000\050\000\051}{subsection.4.3.1}% 46
\BOOKMARK [3][-]{subsubsection.4.3.1.3}{\376\377\0004\000.\0003\000.\0001\000.\0003\000\040\000l\000o\000c\000k\000\137\000r\000e\000l\000e\000a\000s\000e\000\050\000\051}{subsection.4.3.1}% 47
\BOOKMARK [3][-]{subsubsection.4.3.1.4}{\376\377\0004\000.\0003\000.\0001\000.\0004\000\040\000m\000y\000t\000h\000r\000e\000a\000d\000\137\000c\000r\000e\000a\000t\000e\000\050\000\051}{subsection.4.3.1}% 48
\BOOKMARK [3][-]{subsubsection.4.3.1.5}{\376\377\0004\000.\0003\000.\0001\000.\0005\000\040\000m\000y\000t\000h\000r\000e\000a\000d\000\137\000i\000n\000i\000t\000\050\000\051}{subsection.4.3.1}% 49
\BOOKMARK [3][-]{subsubsection.4.3.1.6}{\376\377\0004\000.\0003\000.\0001\000.\0006\000\040\000m\000y\000t\000h\000r\000e\000a\000d\000\137\000j\000o\000i\000n\000\050\000\051}{subsection.4.3.1}% 50
\BOOKMARK [3][-]{subsubsection.4.3.1.7}{\376\377\0004\000.\0003\000.\0001\000.\0007\000\040\000m\000y\000t\000h\000r\000e\000a\000d\000\137\000y\000i\000e\000l\000d\000\050\000\051}{subsection.4.3.1}% 51
\BOOKMARK [1][-]{section.4.4}{\376\377\0004\000.\0004\000\040\000s\000r\000c\000/\000h\000m\000.\000c\000\040\000F\000i\000l\000e\000\040\000R\000e\000f\000e\000r\000e\000n\000c\000e}{chapter.4}% 52
\BOOKMARK [2][-]{subsection.4.4.1}{\376\377\0004\000.\0004\000.\0001\000\040\000M\000a\000c\000r\000o\000\040\000D\000e\000f\000i\000n\000i\000t\000i\000o\000n\000\040\000D\000o\000c\000u\000m\000e\000n\000t\000a\000t\000i\000o\000n}{section.4.4}% 53
\BOOKMARK [3][-]{subsubsection.4.4.1.1}{\376\377\0004\000.\0004\000.\0001\000.\0001\000\040\000S\000Z}{subsection.4.4.1}% 54
\BOOKMARK [2][-]{subsection.4.4.2}{\376\377\0004\000.\0004\000.\0002\000\040\000F\000u\000n\000c\000t\000i\000o\000n\000\040\000D\000o\000c\000u\000m\000e\000n\000t\000a\000t\000i\000o\000n}{section.4.4}% 55
\BOOKMARK [3][-]{subsubsection.4.4.2.1}{\376\377\0004\000.\0004\000.\0002\000.\0001\000\040\000a\000c\000q\000u\000i\000r\000e\000\137\000b\000u\000c\000k\000e\000t\000\050\000\051}{subsection.4.4.2}% 56
\BOOKMARK [3][-]{subsubsection.4.4.2.2}{\376\377\0004\000.\0004\000.\0002\000.\0002\000\040\000h\000a\000s\000h\000f\000n\000\050\000\051}{subsection.4.4.2}% 57
\BOOKMARK [3][-]{subsubsection.4.4.2.3}{\376\377\0004\000.\0004\000.\0002\000.\0003\000\040\000h\000a\000s\000h\000m\000a\000p\000\137\000c\000r\000e\000a\000t\000e\000\050\000\051}{subsection.4.4.2}% 58
\BOOKMARK [3][-]{subsubsection.4.4.2.4}{\376\377\0004\000.\0004\000.\0002\000.\0004\000\040\000h\000a\000s\000h\000m\000a\000p\000\137\000g\000e\000t\000\050\000\051}{subsection.4.4.2}% 59
\BOOKMARK [3][-]{subsubsection.4.4.2.5}{\376\377\0004\000.\0004\000.\0002\000.\0005\000\040\000h\000a\000s\000h\000m\000a\000p\000\137\000i\000t\000e\000r\000a\000t\000o\000r\000\050\000\051}{subsection.4.4.2}% 60
\BOOKMARK [3][-]{subsubsection.4.4.2.6}{\376\377\0004\000.\0004\000.\0002\000.\0006\000\040\000h\000a\000s\000h\000m\000a\000p\000\137\000p\000u\000t\000\050\000\051}{subsection.4.4.2}% 61
\BOOKMARK [3][-]{subsubsection.4.4.2.7}{\376\377\0004\000.\0004\000.\0002\000.\0007\000\040\000r\000e\000l\000e\000a\000s\000e\000\137\000b\000u\000c\000k\000e\000t\000\050\000\051}{subsection.4.4.2}% 62
\BOOKMARK [1][-]{section.4.5}{\376\377\0004\000.\0005\000\040\000s\000r\000c\000/\000l\000i\000s\000t\000.\000c\000\040\000F\000i\000l\000e\000\040\000R\000e\000f\000e\000r\000e\000n\000c\000e}{chapter.4}% 63
\BOOKMARK [2][-]{subsection.4.5.1}{\376\377\0004\000.\0005\000.\0001\000\040\000F\000u\000n\000c\000t\000i\000o\000n\000\040\000D\000o\000c\000u\000m\000e\000n\000t\000a\000t\000i\000o\000n}{section.4.5}% 64
\BOOKMARK [3][-]{subsubsection.4.5.1.1}{\376\377\0004\000.\0005\000.\0001\000.\0001\000\040\000i\000s\000\137\000e\000m\000p\000t\000y\000\050\000\051}{subsection.4.5.1}% 65
\BOOKMARK [3][-]{subsubsection.4.5.1.2}{\376\377\0004\000.\0005\000.\0001\000.\0002\000\040\000l\000i\000s\000t\000\137\000a\000d\000d\000\050\000\051}{subsection.4.5.1}% 66
\BOOKMARK [3][-]{subsubsection.4.5.1.3}{\376\377\0004\000.\0005\000.\0001\000.\0003\000\040\000l\000i\000s\000t\000\137\000n\000e\000w\000\050\000\051}{subsection.4.5.1}% 67
\BOOKMARK [3][-]{subsubsection.4.5.1.4}{\376\377\0004\000.\0005\000.\0001\000.\0004\000\040\000l\000i\000s\000t\000\137\000r\000m\000\050\000\051}{subsection.4.5.1}% 68
\BOOKMARK [1][-]{section.4.6}{\376\377\0004\000.\0006\000\040\000s\000r\000c\000/\000m\000y\000t\000h\000r\000e\000a\000d\000.\000c\000\040\000F\000i\000l\000e\000\040\000R\000e\000f\000e\000r\000e\000n\000c\000e}{chapter.4}% 69
\BOOKMARK [2][-]{subsection.4.6.1}{\376\377\0004\000.\0006\000.\0001\000\040\000F\000u\000n\000c\000t\000i\000o\000n\000\040\000D\000o\000c\000u\000m\000e\000n\000t\000a\000t\000i\000o\000n}{section.4.6}% 70
\BOOKMARK [3][-]{subsubsection.4.6.1.1}{\376\377\0004\000.\0006\000.\0001\000.\0001\000\040\000l\000o\000c\000k\000\137\000a\000c\000q\000u\000i\000r\000e\000\050\000\051}{subsection.4.6.1}% 71
\BOOKMARK [3][-]{subsubsection.4.6.1.2}{\376\377\0004\000.\0006\000.\0001\000.\0002\000\040\000l\000o\000c\000k\000\137\000n\000e\000w\000\050\000\051}{subsection.4.6.1}% 72
\BOOKMARK [3][-]{subsubsection.4.6.1.3}{\376\377\0004\000.\0006\000.\0001\000.\0003\000\040\000l\000o\000c\000k\000\137\000r\000e\000l\000e\000a\000s\000e\000\050\000\051}{subsection.4.6.1}% 73
\BOOKMARK [3][-]{subsubsection.4.6.1.4}{\376\377\0004\000.\0006\000.\0001\000.\0004\000\040\000m\000y\000t\000h\000r\000e\000a\000d\000\137\000c\000r\000e\000a\000t\000e\000\050\000\051}{subsection.4.6.1}% 74
\BOOKMARK [3][-]{subsubsection.4.6.1.5}{\376\377\0004\000.\0006\000.\0001\000.\0005\000\040\000m\000y\000t\000h\000r\000e\000a\000d\000\137\000i\000n\000i\000t\000\050\000\051}{subsection.4.6.1}% 75
\BOOKMARK [3][-]{subsubsection.4.6.1.6}{\376\377\0004\000.\0006\000.\0001\000.\0006\000\040\000m\000y\000t\000h\000r\000e\000a\000d\000\137\000j\000o\000i\000n\000\050\000\051}{subsection.4.6.1}% 76
\BOOKMARK [3][-]{subsubsection.4.6.1.7}{\376\377\0004\000.\0006\000.\0001\000.\0007\000\040\000m\000y\000t\000h\000r\000e\000a\000d\000\137\000y\000i\000e\000l\000d\000\050\000\051}{subsection.4.6.1}% 77
\BOOKMARK [2][-]{subsection.4.6.2}{\376\377\0004\000.\0006\000.\0002\000\040\000V\000a\000r\000i\000a\000b\000l\000e\000\040\000D\000o\000c\000u\000m\000e\000n\000t\000a\000t\000i\000o\000n}{section.4.6}% 78
\BOOKMARK [3][-]{subsubsection.4.6.2.1}{\376\377\0004\000.\0006\000.\0002\000.\0001\000\040\000l}{subsection.4.6.2}% 79
\BOOKMARK [3][-]{subsubsection.4.6.2.2}{\376\377\0004\000.\0006\000.\0002\000.\0002\000\040\000m\000a\000i\000n\000\137\000c\000t\000x}{subsection.4.6.2}% 80
\BOOKMARK [0][-]{section*.20}{\376\377\000I\000n\000d\000e\000x}{}% 81
